<?xml version="1.0" encoding="UTF-8"?>
<testsuite name="com.avasudevan.meetingscheduler.MeetingSchedulerAppTest" tests="2" skipped="0" failures="0" errors="0" timestamp="2021-02-21T14:51:03" hostname="AUSC02T7AFZGTFM" time="0.008">
  <properties/>
  <testcase name="testWithBookingSameTimeInAllRooms" classname="com.avasudevan.meetingscheduler.MeetingSchedulerAppTest" time="0.008"/>
  <testcase name="testBoundaryConditions" classname="com.avasudevan.meetingscheduler.MeetingSchedulerAppTest" time="0.0"/>
  <system-out><![CDATA[]]></system-out>
  <system-err><![CDATA[]]></system-err>
</testsuite>
