<?xml version="1.0" encoding="UTF-8"?>
<testsuite name="com.avasudevan.meetingscheduler.MeetingSchedulerAppTest" tests="2" skipped="0" failures="0" errors="0" timestamp="2021-02-21T15:09:08" hostname="AUSC02T7AFZGTFM" time="0.009">
  <properties/>
  <testcase name="testWithBookingSameTimeInAllRooms" classname="com.avasudevan.meetingscheduler.MeetingSchedulerAppTest" time="0.009"/>
  <testcase name="testBoundaryConditions" classname="com.avasudevan.meetingscheduler.MeetingSchedulerAppTest" time="0.0"/>
  <system-out><![CDATA[]]></system-out>
  <system-err><![CDATA[]]></system-err>
</testsuite>
